{"/home/runner/workspace/shared/pricingEngine.ts": {"path":"/home/runner/workspace/shared/pricingEngine.ts","statementMap":{"0":{"start":{"line":82,"column":30},"end":{"line":92,"column":null}},"1":{"start":{"line":94,"column":61},"end":{"line":98,"column":null}},"2":{"start":{"line":103,"column":2},"end":{"line":103,"column":null}},"3":{"start":{"line":103,"column":18},"end":{"line":103,"column":null}},"4":{"start":{"line":104,"column":2},"end":{"line":104,"column":null}},"5":{"start":{"line":104,"column":18},"end":{"line":104,"column":null}},"6":{"start":{"line":105,"column":2},"end":{"line":105,"column":null}},"7":{"start":{"line":105,"column":18},"end":{"line":105,"column":null}},"8":{"start":{"line":106,"column":2},"end":{"line":106,"column":null}},"9":{"start":{"line":106,"column":18},"end":{"line":106,"column":null}},"10":{"start":{"line":107,"column":2},"end":{"line":107,"column":null}},"11":{"start":{"line":111,"column":2},"end":{"line":111,"column":null}},"12":{"start":{"line":111,"column":18},"end":{"line":111,"column":null}},"13":{"start":{"line":112,"column":2},"end":{"line":112,"column":null}},"14":{"start":{"line":112,"column":18},"end":{"line":112,"column":null}},"15":{"start":{"line":113,"column":2},"end":{"line":113,"column":null}},"16":{"start":{"line":117,"column":2},"end":{"line":117,"column":null}},"17":{"start":{"line":117,"column":26},"end":{"line":117,"column":null}},"18":{"start":{"line":118,"column":2},"end":{"line":118,"column":null}},"19":{"start":{"line":118,"column":38},"end":{"line":118,"column":null}},"20":{"start":{"line":119,"column":2},"end":{"line":119,"column":null}},"21":{"start":{"line":119,"column":37},"end":{"line":119,"column":null}},"22":{"start":{"line":120,"column":2},"end":{"line":120,"column":null}},"23":{"start":{"line":120,"column":30},"end":{"line":120,"column":null}},"24":{"start":{"line":121,"column":2},"end":{"line":121,"column":null}},"25":{"start":{"line":124,"column":46},"end":{"line":124,"column":76}},"26":{"start":{"line":125,"column":41},"end":{"line":125,"column":71}},"27":{"start":{"line":128,"column":2},"end":{"line":128,"column":null}},"28":{"start":{"line":128,"column":25},"end":{"line":128,"column":null}},"29":{"start":{"line":129,"column":2},"end":{"line":129,"column":null}},"30":{"start":{"line":129,"column":27},"end":{"line":129,"column":null}},"31":{"start":{"line":130,"column":2},"end":{"line":130,"column":null}},"32":{"start":{"line":130,"column":26},"end":{"line":130,"column":null}},"33":{"start":{"line":131,"column":2},"end":{"line":131,"column":null}},"34":{"start":{"line":136,"column":48},"end":{"line":152,"column":null}},"35":{"start":{"line":181,"column":26},"end":{"line":181,"column":null}},"36":{"start":{"line":182,"column":26},"end":{"line":182,"column":null}},"37":{"start":{"line":183,"column":27},"end":{"line":183,"column":null}},"38":{"start":{"line":184,"column":26},"end":{"line":184,"column":null}},"39":{"start":{"line":185,"column":26},"end":{"line":185,"column":null}},"40":{"start":{"line":186,"column":26},"end":{"line":186,"column":null}},"41":{"start":{"line":187,"column":26},"end":{"line":187,"column":null}},"42":{"start":{"line":188,"column":26},"end":{"line":188,"column":null}},"43":{"start":{"line":190,"column":13},"end":{"line":191,"column":null}},"44":{"start":{"line":190,"column":36},"end":{"line":190,"column":51}},"45":{"start":{"line":192,"column":21},"end":{"line":192,"column":null}},"46":{"start":{"line":195,"column":20},"end":{"line":195,"column":null}},"47":{"start":{"line":196,"column":19},"end":{"line":196,"column":null}},"48":{"start":{"line":197,"column":19},"end":{"line":198,"column":null}},"49":{"start":{"line":200,"column":21},"end":{"line":200,"column":null}},"50":{"start":{"line":201,"column":21},"end":{"line":201,"column":null}},"51":{"start":{"line":202,"column":21},"end":{"line":202,"column":null}},"52":{"start":{"line":203,"column":23},"end":{"line":203,"column":null}},"53":{"start":{"line":206,"column":8},"end":{"line":206,"column":null}},"54":{"start":{"line":209,"column":23},"end":{"line":209,"column":null}},"55":{"start":{"line":210,"column":2},"end":{"line":214,"column":null}},"56":{"start":{"line":211,"column":4},"end":{"line":213,"column":null}},"57":{"start":{"line":212,"column":6},"end":{"line":212,"column":null}},"58":{"start":{"line":216,"column":23},"end":{"line":216,"column":null}},"59":{"start":{"line":217,"column":23},"end":{"line":217,"column":null}},"60":{"start":{"line":218,"column":23},"end":{"line":218,"column":null}},"61":{"start":{"line":221,"column":19},"end":{"line":221,"column":null}},"62":{"start":{"line":224,"column":28},"end":{"line":224,"column":null}},"63":{"start":{"line":225,"column":29},"end":{"line":225,"column":null}},"64":{"start":{"line":226,"column":28},"end":{"line":226,"column":null}},"65":{"start":{"line":229,"column":29},"end":{"line":229,"column":null}},"66":{"start":{"line":230,"column":29},"end":{"line":230,"column":null}},"67":{"start":{"line":231,"column":30},"end":{"line":231,"column":null}},"68":{"start":{"line":232,"column":30},"end":{"line":232,"column":null}},"69":{"start":{"line":233,"column":2},"end":{"line":236,"column":null}},"70":{"start":{"line":234,"column":4},"end":{"line":234,"column":null}},"71":{"start":{"line":235,"column":4},"end":{"line":235,"column":null}},"72":{"start":{"line":237,"column":25},"end":{"line":237,"column":null}},"73":{"start":{"line":239,"column":21},"end":{"line":239,"column":null}},"74":{"start":{"line":241,"column":21},"end":{"line":241,"column":null}},"75":{"start":{"line":244,"column":36},"end":{"line":244,"column":null}},"76":{"start":{"line":245,"column":38},"end":{"line":245,"column":null}},"77":{"start":{"line":246,"column":36},"end":{"line":246,"column":null}},"78":{"start":{"line":249,"column":2},"end":{"line":257,"column":null}},"79":{"start":{"line":250,"column":4},"end":{"line":254,"column":null}},"80":{"start":{"line":256,"column":4},"end":{"line":256,"column":null}},"81":{"start":{"line":260,"column":2},"end":{"line":266,"column":null}},"82":{"start":{"line":261,"column":4},"end":{"line":265,"column":null}},"83":{"start":{"line":269,"column":2},"end":{"line":274,"column":null}},"84":{"start":{"line":270,"column":22},"end":{"line":272,"column":null}},"85":{"start":{"line":273,"column":4},"end":{"line":273,"column":null}},"86":{"start":{"line":277,"column":2},"end":{"line":287,"column":null}},"87":{"start":{"line":278,"column":10},"end":{"line":278,"column":null}},"88":{"start":{"line":279,"column":23},"end":{"line":279,"column":null}},"89":{"start":{"line":280,"column":23},"end":{"line":282,"column":null}},"90":{"start":{"line":283,"column":4},"end":{"line":283,"column":null}},"91":{"start":{"line":284,"column":4},"end":{"line":286,"column":null}},"92":{"start":{"line":285,"column":6},"end":{"line":285,"column":null}},"93":{"start":{"line":290,"column":2},"end":{"line":294,"column":null}},"94":{"start":{"line":291,"column":10},"end":{"line":291,"column":null}},"95":{"start":{"line":292,"column":26},"end":{"line":292,"column":null}},"96":{"start":{"line":293,"column":4},"end":{"line":293,"column":null}},"97":{"start":{"line":297,"column":2},"end":{"line":304,"column":null}},"98":{"start":{"line":298,"column":4},"end":{"line":302,"column":null}},"99":{"start":{"line":303,"column":4},"end":{"line":303,"column":null}},"100":{"start":{"line":307,"column":2},"end":{"line":311,"column":null}},"101":{"start":{"line":308,"column":21},"end":{"line":308,"column":null}},"102":{"start":{"line":309,"column":22},"end":{"line":309,"column":null}},"103":{"start":{"line":310,"column":4},"end":{"line":310,"column":null}},"104":{"start":{"line":314,"column":2},"end":{"line":318,"column":null}},"105":{"start":{"line":315,"column":4},"end":{"line":317,"column":null}},"106":{"start":{"line":316,"column":6},"end":{"line":316,"column":null}},"107":{"start":{"line":321,"column":2},"end":{"line":327,"column":null}},"108":{"start":{"line":322,"column":22},"end":{"line":324,"column":null}},"109":{"start":{"line":325,"column":4},"end":{"line":325,"column":null}},"110":{"start":{"line":326,"column":4},"end":{"line":326,"column":null}},"111":{"start":{"line":330,"column":2},"end":{"line":333,"column":null}},"112":{"start":{"line":331,"column":4},"end":{"line":331,"column":null}},"113":{"start":{"line":332,"column":4},"end":{"line":332,"column":null}},"114":{"start":{"line":336,"column":2},"end":{"line":338,"column":null}},"115":{"start":{"line":337,"column":4},"end":{"line":337,"column":null}},"116":{"start":{"line":340,"column":2},"end":{"line":345,"column":null}},"117":{"start":{"line":355,"column":29},"end":{"line":362,"column":null}},"118":{"start":{"line":364,"column":15},"end":{"line":364,"column":null}},"119":{"start":{"line":365,"column":15},"end":{"line":365,"column":null}},"120":{"start":{"line":366,"column":15},"end":{"line":369,"column":null}},"121":{"start":{"line":372,"column":21},"end":{"line":372,"column":null}},"122":{"start":{"line":373,"column":2},"end":{"line":375,"column":null}},"123":{"start":{"line":374,"column":4},"end":{"line":374,"column":null}},"124":{"start":{"line":376,"column":2},"end":{"line":378,"column":null}},"125":{"start":{"line":377,"column":4},"end":{"line":377,"column":null}},"126":{"start":{"line":380,"column":2},"end":{"line":383,"column":null}},"127":{"start":{"line":382,"column":4},"end":{"line":382,"column":null}},"128":{"start":{"line":384,"column":2},"end":{"line":387,"column":null}},"129":{"start":{"line":386,"column":4},"end":{"line":386,"column":null}},"130":{"start":{"line":390,"column":25},"end":{"line":390,"column":null}},"131":{"start":{"line":391,"column":19},"end":{"line":391,"column":22}},"132":{"start":{"line":391,"column":39},"end":{"line":391,"column":null}},"133":{"start":{"line":392,"column":2},"end":{"line":397,"column":null}},"134":{"start":{"line":393,"column":4},"end":{"line":396,"column":null}},"135":{"start":{"line":394,"column":6},"end":{"line":394,"column":null}},"136":{"start":{"line":395,"column":6},"end":{"line":395,"column":null}},"137":{"start":{"line":399,"column":2},"end":{"line":399,"column":null}},"138":{"start":{"line":483,"column":65},"end":{"line":486,"column":null}},"139":{"start":{"line":488,"column":22},"end":{"line":491,"column":null}},"140":{"start":{"line":493,"column":56},"end":{"line":493,"column":null}},"141":{"start":{"line":495,"column":79},"end":{"line":497,"column":null}},"142":{"start":{"line":500,"column":2},"end":{"line":500,"column":null}},"143":{"start":{"line":500,"column":23},"end":{"line":500,"column":null}},"144":{"start":{"line":501,"column":14},"end":{"line":501,"column":null}},"145":{"start":{"line":502,"column":2},"end":{"line":502,"column":null}},"146":{"start":{"line":506,"column":14},"end":{"line":506,"column":null}},"147":{"start":{"line":507,"column":2},"end":{"line":507,"column":null}},"148":{"start":{"line":508,"column":2},"end":{"line":508,"column":null}},"149":{"start":{"line":509,"column":2},"end":{"line":509,"column":null}},"150":{"start":{"line":510,"column":2},"end":{"line":510,"column":null}},"151":{"start":{"line":511,"column":2},"end":{"line":511,"column":null}},"152":{"start":{"line":512,"column":2},"end":{"line":512,"column":null}},"153":{"start":{"line":513,"column":2},"end":{"line":513,"column":null}},"154":{"start":{"line":514,"column":2},"end":{"line":514,"column":null}},"155":{"start":{"line":515,"column":2},"end":{"line":515,"column":null}},"156":{"start":{"line":515,"column":24},"end":{"line":515,"column":null}},"157":{"start":{"line":516,"column":17},"end":{"line":516,"column":null}},"158":{"start":{"line":517,"column":15},"end":{"line":517,"column":null}},"159":{"start":{"line":518,"column":2},"end":{"line":518,"column":null}},"160":{"start":{"line":519,"column":2},"end":{"line":519,"column":null}},"161":{"start":{"line":519,"column":20},"end":{"line":519,"column":null}},"162":{"start":{"line":520,"column":21},"end":{"line":520,"column":null}},"163":{"start":{"line":521,"column":19},"end":{"line":521,"column":null}},"164":{"start":{"line":522,"column":30},"end":{"line":522,"column":null}},"165":{"start":{"line":523,"column":2},"end":{"line":523,"column":null}},"166":{"start":{"line":532,"column":16},"end":{"line":532,"column":null}},"167":{"start":{"line":533,"column":20},"end":{"line":533,"column":null}},"168":{"start":{"line":534,"column":25},"end":{"line":534,"column":null}},"169":{"start":{"line":535,"column":19},"end":{"line":535,"column":null}},"170":{"start":{"line":536,"column":25},"end":{"line":538,"column":null}},"171":{"start":{"line":539,"column":28},"end":{"line":539,"column":null}},"172":{"start":{"line":540,"column":27},"end":{"line":540,"column":null}},"173":{"start":{"line":541,"column":22},"end":{"line":541,"column":null}},"174":{"start":{"line":542,"column":19},"end":{"line":542,"column":null}},"175":{"start":{"line":543,"column":25},"end":{"line":543,"column":null}},"176":{"start":{"line":544,"column":18},"end":{"line":544,"column":null}},"177":{"start":{"line":545,"column":17},"end":{"line":545,"column":null}},"178":{"start":{"line":548,"column":42},"end":{"line":553,"column":null}},"179":{"start":{"line":556,"column":48},"end":{"line":556,"column":null}},"180":{"start":{"line":557,"column":2},"end":{"line":559,"column":null}},"181":{"start":{"line":558,"column":4},"end":{"line":558,"column":null}},"182":{"start":{"line":560,"column":2},"end":{"line":562,"column":null}},"183":{"start":{"line":561,"column":4},"end":{"line":561,"column":null}},"184":{"start":{"line":563,"column":2},"end":{"line":565,"column":null}},"185":{"start":{"line":564,"column":4},"end":{"line":564,"column":null}},"186":{"start":{"line":566,"column":2},"end":{"line":568,"column":null}},"187":{"start":{"line":567,"column":4},"end":{"line":567,"column":null}},"188":{"start":{"line":571,"column":40},"end":{"line":571,"column":null}},"189":{"start":{"line":572,"column":2},"end":{"line":574,"column":null}},"190":{"start":{"line":573,"column":4},"end":{"line":573,"column":null}},"191":{"start":{"line":575,"column":2},"end":{"line":577,"column":null}},"192":{"start":{"line":576,"column":4},"end":{"line":576,"column":null}},"193":{"start":{"line":578,"column":2},"end":{"line":580,"column":null}},"194":{"start":{"line":579,"column":4},"end":{"line":579,"column":null}},"195":{"start":{"line":581,"column":2},"end":{"line":583,"column":null}},"196":{"start":{"line":582,"column":4},"end":{"line":582,"column":null}},"197":{"start":{"line":585,"column":2},"end":{"line":585,"column":null}}},"fnMap":{"0":{"name":"getConditionMultiplier","decl":{"start":{"line":102,"column":9},"end":{"line":102,"column":32}},"loc":{"start":{"line":102,"column":55},"end":{"line":108,"column":null}},"line":102},"1":{"name":"getPeopleMultiplier","decl":{"start":{"line":110,"column":9},"end":{"line":110,"column":29}},"loc":{"start":{"line":110,"column":52},"end":{"line":114,"column":null}},"line":110},"2":{"name":"getPetHours","decl":{"start":{"line":116,"column":9},"end":{"line":116,"column":21}},"loc":{"start":{"line":116,"column":65},"end":{"line":122,"column":null}},"line":116},"3":{"name":"roundToNearest5","decl":{"start":{"line":124,"column":9},"end":{"line":124,"column":25}},"loc":{"start":{"line":124,"column":44},"end":{"line":124,"column":null}},"line":124},"4":{"name":"roundHours","decl":{"start":{"line":125,"column":9},"end":{"line":125,"column":20}},"loc":{"start":{"line":125,"column":39},"end":{"line":125,"column":null}},"line":125},"5":{"name":"getFreqDiscount","decl":{"start":{"line":127,"column":9},"end":{"line":127,"column":25}},"loc":{"start":{"line":127,"column":113},"end":{"line":132,"column":null}},"line":127},"6":{"name":"calcTier","decl":{"start":{"line":171,"column":9},"end":{"line":171,"column":null}},"loc":{"start":{"line":179,"column":25},"end":{"line":346,"column":null}},"line":179},"7":{"name":"(anonymous_7)","decl":{"start":{"line":190,"column":31},"end":{"line":190,"column":36}},"loc":{"start":{"line":190,"column":36},"end":{"line":190,"column":51}},"line":190},"8":{"name":"computeResidentialQuote","decl":{"start":{"line":348,"column":16},"end":{"line":348,"column":null}},"loc":{"start":{"line":353,"column":26},"end":{"line":400,"column":null}},"line":353},"9":{"name":"applyRounding","decl":{"start":{"line":499,"column":9},"end":{"line":499,"column":23}},"loc":{"start":{"line":499,"column":66},"end":{"line":503,"column":null}},"line":499},"10":{"name":"computeCommercialLaborEstimate","decl":{"start":{"line":505,"column":16},"end":{"line":505,"column":47}},"loc":{"start":{"line":505,"column":121},"end":{"line":524,"column":null}},"line":505},"11":{"name":"computeCommercialQuote","decl":{"start":{"line":526,"column":16},"end":{"line":526,"column":null}},"loc":{"start":{"line":531,"column":25},"end":{"line":586,"column":null}},"line":531}},"branchMap":{"0":{"loc":{"start":{"line":103,"column":2},"end":{"line":103,"column":null}},"type":"if","locations":[{"start":{"line":103,"column":2},"end":{"line":103,"column":null}},{"start":{},"end":{}}],"line":103},"1":{"loc":{"start":{"line":104,"column":2},"end":{"line":104,"column":null}},"type":"if","locations":[{"start":{"line":104,"column":2},"end":{"line":104,"column":null}},{"start":{},"end":{}}],"line":104},"2":{"loc":{"start":{"line":105,"column":2},"end":{"line":105,"column":null}},"type":"if","locations":[{"start":{"line":105,"column":2},"end":{"line":105,"column":null}},{"start":{},"end":{}}],"line":105},"3":{"loc":{"start":{"line":106,"column":2},"end":{"line":106,"column":null}},"type":"if","locations":[{"start":{"line":106,"column":2},"end":{"line":106,"column":null}},{"start":{},"end":{}}],"line":106},"4":{"loc":{"start":{"line":111,"column":2},"end":{"line":111,"column":null}},"type":"if","locations":[{"start":{"line":111,"column":2},"end":{"line":111,"column":null}},{"start":{},"end":{}}],"line":111},"5":{"loc":{"start":{"line":112,"column":2},"end":{"line":112,"column":null}},"type":"if","locations":[{"start":{"line":112,"column":2},"end":{"line":112,"column":null}},{"start":{},"end":{}}],"line":112},"6":{"loc":{"start":{"line":117,"column":2},"end":{"line":117,"column":null}},"type":"if","locations":[{"start":{"line":117,"column":2},"end":{"line":117,"column":null}},{"start":{},"end":{}}],"line":117},"7":{"loc":{"start":{"line":118,"column":2},"end":{"line":118,"column":null}},"type":"if","locations":[{"start":{"line":118,"column":2},"end":{"line":118,"column":null}},{"start":{},"end":{}}],"line":118},"8":{"loc":{"start":{"line":118,"column":6},"end":{"line":118,"column":38}},"type":"binary-expr","locations":[{"start":{"line":118,"column":6},"end":{"line":118,"column":27}},{"start":{"line":118,"column":27},"end":{"line":118,"column":38}}],"line":118},"9":{"loc":{"start":{"line":119,"column":2},"end":{"line":119,"column":null}},"type":"if","locations":[{"start":{"line":119,"column":2},"end":{"line":119,"column":null}},{"start":{},"end":{}}],"line":119},"10":{"loc":{"start":{"line":119,"column":6},"end":{"line":119,"column":37}},"type":"binary-expr","locations":[{"start":{"line":119,"column":6},"end":{"line":119,"column":27}},{"start":{"line":119,"column":27},"end":{"line":119,"column":37}}],"line":119},"11":{"loc":{"start":{"line":120,"column":2},"end":{"line":120,"column":null}},"type":"if","locations":[{"start":{"line":120,"column":2},"end":{"line":120,"column":null}},{"start":{},"end":{}}],"line":120},"12":{"loc":{"start":{"line":120,"column":37},"end":{"line":120,"column":null}},"type":"cond-expr","locations":[{"start":{"line":120,"column":48},"end":{"line":120,"column":54}},{"start":{"line":120,"column":54},"end":{"line":120,"column":null}}],"line":120},"13":{"loc":{"start":{"line":128,"column":2},"end":{"line":128,"column":null}},"type":"if","locations":[{"start":{"line":128,"column":2},"end":{"line":128,"column":null}},{"start":{},"end":{}}],"line":128},"14":{"loc":{"start":{"line":129,"column":2},"end":{"line":129,"column":null}},"type":"if","locations":[{"start":{"line":129,"column":2},"end":{"line":129,"column":null}},{"start":{},"end":{}}],"line":129},"15":{"loc":{"start":{"line":130,"column":2},"end":{"line":130,"column":null}},"type":"if","locations":[{"start":{"line":130,"column":2},"end":{"line":130,"column":null}},{"start":{},"end":{}}],"line":130},"16":{"loc":{"start":{"line":181,"column":26},"end":{"line":181,"column":null}},"type":"binary-expr","locations":[{"start":{"line":181,"column":26},"end":{"line":181,"column":53}},{"start":{"line":181,"column":53},"end":{"line":181,"column":null}}],"line":181},"17":{"loc":{"start":{"line":182,"column":26},"end":{"line":182,"column":null}},"type":"binary-expr","locations":[{"start":{"line":182,"column":26},"end":{"line":182,"column":54}},{"start":{"line":182,"column":54},"end":{"line":182,"column":null}}],"line":182},"18":{"loc":{"start":{"line":183,"column":27},"end":{"line":183,"column":null}},"type":"binary-expr","locations":[{"start":{"line":183,"column":27},"end":{"line":183,"column":55}},{"start":{"line":183,"column":55},"end":{"line":183,"column":null}}],"line":183},"19":{"loc":{"start":{"line":184,"column":26},"end":{"line":184,"column":null}},"type":"binary-expr","locations":[{"start":{"line":184,"column":26},"end":{"line":184,"column":54}},{"start":{"line":184,"column":54},"end":{"line":184,"column":null}}],"line":184},"20":{"loc":{"start":{"line":185,"column":26},"end":{"line":185,"column":null}},"type":"binary-expr","locations":[{"start":{"line":185,"column":26},"end":{"line":185,"column":54}},{"start":{"line":185,"column":54},"end":{"line":185,"column":null}}],"line":185},"21":{"loc":{"start":{"line":186,"column":26},"end":{"line":186,"column":null}},"type":"binary-expr","locations":[{"start":{"line":186,"column":26},"end":{"line":186,"column":54}},{"start":{"line":186,"column":54},"end":{"line":186,"column":null}}],"line":186},"22":{"loc":{"start":{"line":187,"column":58},"end":{"line":187,"column":85}},"type":"binary-expr","locations":[{"start":{"line":187,"column":58},"end":{"line":187,"column":81}},{"start":{"line":187,"column":81},"end":{"line":187,"column":85}}],"line":187},"23":{"loc":{"start":{"line":188,"column":26},"end":{"line":188,"column":null}},"type":"binary-expr","locations":[{"start":{"line":188,"column":26},"end":{"line":188,"column":56}},{"start":{"line":188,"column":56},"end":{"line":188,"column":null}}],"line":188},"24":{"loc":{"start":{"line":190,"column":13},"end":{"line":191,"column":null}},"type":"binary-expr","locations":[{"start":{"line":190,"column":13},"end":{"line":190,"column":null}},{"start":{"line":191,"column":7},"end":{"line":191,"column":null}}],"line":190},"25":{"loc":{"start":{"line":192,"column":21},"end":{"line":192,"column":null}},"type":"cond-expr","locations":[{"start":{"line":192,"column":41},"end":{"line":192,"column":51}},{"start":{"line":192,"column":51},"end":{"line":192,"column":null}}],"line":192},"26":{"loc":{"start":{"line":192,"column":51},"end":{"line":192,"column":null}},"type":"binary-expr","locations":[{"start":{"line":192,"column":51},"end":{"line":192,"column":66}},{"start":{"line":192,"column":66},"end":{"line":192,"column":null}}],"line":192},"27":{"loc":{"start":{"line":211,"column":4},"end":{"line":213,"column":null}},"type":"if","locations":[{"start":{"line":211,"column":4},"end":{"line":213,"column":null}},{"start":{},"end":{}}],"line":211},"28":{"loc":{"start":{"line":212,"column":24},"end":{"line":212,"column":null}},"type":"binary-expr","locations":[{"start":{"line":212,"column":24},"end":{"line":212,"column":48}},{"start":{"line":212,"column":48},"end":{"line":212,"column":null}}],"line":212},"29":{"loc":{"start":{"line":216,"column":23},"end":{"line":216,"column":null}},"type":"binary-expr","locations":[{"start":{"line":216,"column":23},"end":{"line":216,"column":50}},{"start":{"line":216,"column":50},"end":{"line":216,"column":null}}],"line":216},"30":{"loc":{"start":{"line":217,"column":23},"end":{"line":217,"column":null}},"type":"cond-expr","locations":[{"start":{"line":217,"column":37},"end":{"line":217,"column":81}},{"start":{"line":217,"column":81},"end":{"line":217,"column":null}}],"line":217},"31":{"loc":{"start":{"line":233,"column":2},"end":{"line":236,"column":null}},"type":"if","locations":[{"start":{"line":233,"column":2},"end":{"line":236,"column":null}},{"start":{},"end":{}}],"line":233},"32":{"loc":{"start":{"line":239,"column":21},"end":{"line":239,"column":null}},"type":"cond-expr","locations":[{"start":{"line":239,"column":33},"end":{"line":239,"column":51}},{"start":{"line":239,"column":51},"end":{"line":239,"column":null}}],"line":239},"33":{"loc":{"start":{"line":249,"column":2},"end":{"line":257,"column":null}},"type":"if","locations":[{"start":{"line":249,"column":2},"end":{"line":257,"column":null}},{"start":{"line":255,"column":9},"end":{"line":257,"column":null}}],"line":249},"34":{"loc":{"start":{"line":260,"column":2},"end":{"line":266,"column":null}},"type":"if","locations":[{"start":{"line":260,"column":2},"end":{"line":266,"column":null}},{"start":{},"end":{}}],"line":260},"35":{"loc":{"start":{"line":269,"column":2},"end":{"line":274,"column":null}},"type":"if","locations":[{"start":{"line":269,"column":2},"end":{"line":274,"column":null}},{"start":{},"end":{}}],"line":269},"36":{"loc":{"start":{"line":270,"column":22},"end":{"line":272,"column":null}},"type":"cond-expr","locations":[{"start":{"line":271,"column":8},"end":{"line":271,"column":null}},{"start":{"line":272,"column":8},"end":{"line":272,"column":null}}],"line":270},"37":{"loc":{"start":{"line":277,"column":2},"end":{"line":287,"column":null}},"type":"if","locations":[{"start":{"line":277,"column":2},"end":{"line":287,"column":null}},{"start":{},"end":{}}],"line":277},"38":{"loc":{"start":{"line":280,"column":23},"end":{"line":282,"column":null}},"type":"cond-expr","locations":[{"start":{"line":281,"column":8},"end":{"line":281,"column":null}},{"start":{"line":282,"column":8},"end":{"line":282,"column":null}}],"line":280},"39":{"loc":{"start":{"line":283,"column":64},"end":{"line":283,"column":105}},"type":"cond-expr","locations":[{"start":{"line":283,"column":80},"end":{"line":283,"column":94}},{"start":{"line":283,"column":94},"end":{"line":283,"column":105}}],"line":283},"40":{"loc":{"start":{"line":284,"column":4},"end":{"line":286,"column":null}},"type":"if","locations":[{"start":{"line":284,"column":4},"end":{"line":286,"column":null}},{"start":{},"end":{}}],"line":284},"41":{"loc":{"start":{"line":290,"column":2},"end":{"line":294,"column":null}},"type":"if","locations":[{"start":{"line":290,"column":2},"end":{"line":294,"column":null}},{"start":{},"end":{}}],"line":290},"42":{"loc":{"start":{"line":297,"column":2},"end":{"line":304,"column":null}},"type":"if","locations":[{"start":{"line":297,"column":2},"end":{"line":304,"column":null}},{"start":{},"end":{}}],"line":297},"43":{"loc":{"start":{"line":299,"column":51},"end":{"line":299,"column":91}},"type":"cond-expr","locations":[{"start":{"line":299,"column":74},"end":{"line":299,"column":89}},{"start":{"line":299,"column":89},"end":{"line":299,"column":91}}],"line":299},"44":{"loc":{"start":{"line":307,"column":2},"end":{"line":311,"column":null}},"type":"if","locations":[{"start":{"line":307,"column":2},"end":{"line":311,"column":null}},{"start":{},"end":{}}],"line":307},"45":{"loc":{"start":{"line":315,"column":4},"end":{"line":317,"column":null}},"type":"if","locations":[{"start":{"line":315,"column":4},"end":{"line":317,"column":null}},{"start":{},"end":{}}],"line":315},"46":{"loc":{"start":{"line":316,"column":49},"end":{"line":316,"column":76}},"type":"binary-expr","locations":[{"start":{"line":316,"column":49},"end":{"line":316,"column":73}},{"start":{"line":316,"column":73},"end":{"line":316,"column":76}}],"line":316},"47":{"loc":{"start":{"line":321,"column":2},"end":{"line":327,"column":null}},"type":"if","locations":[{"start":{"line":321,"column":2},"end":{"line":327,"column":null}},{"start":{},"end":{}}],"line":321},"48":{"loc":{"start":{"line":322,"column":22},"end":{"line":324,"column":null}},"type":"cond-expr","locations":[{"start":{"line":322,"column":49},"end":{"line":322,"column":null}},{"start":{"line":323,"column":8},"end":{"line":324,"column":null}}],"line":322},"49":{"loc":{"start":{"line":323,"column":8},"end":{"line":324,"column":null}},"type":"cond-expr","locations":[{"start":{"line":323,"column":35},"end":{"line":323,"column":null}},{"start":{"line":324,"column":35},"end":{"line":324,"column":null}}],"line":323},"50":{"loc":{"start":{"line":330,"column":2},"end":{"line":333,"column":null}},"type":"if","locations":[{"start":{"line":330,"column":2},"end":{"line":333,"column":null}},{"start":{},"end":{}}],"line":330},"51":{"loc":{"start":{"line":330,"column":6},"end":{"line":330,"column":47}},"type":"binary-expr","locations":[{"start":{"line":330,"column":6},"end":{"line":330,"column":28}},{"start":{"line":330,"column":28},"end":{"line":330,"column":47}}],"line":330},"52":{"loc":{"start":{"line":336,"column":2},"end":{"line":338,"column":null}},"type":"if","locations":[{"start":{"line":336,"column":2},"end":{"line":338,"column":null}},{"start":{},"end":{}}],"line":336},"53":{"loc":{"start":{"line":342,"column":21},"end":{"line":342,"column":null}},"type":"cond-expr","locations":[{"start":{"line":342,"column":33},"end":{"line":342,"column":40}},{"start":{"line":342,"column":40},"end":{"line":342,"column":null}}],"line":342},"54":{"loc":{"start":{"line":357,"column":8},"end":{"line":357,"column":null}},"type":"binary-expr","locations":[{"start":{"line":357,"column":8},"end":{"line":357,"column":19}},{"start":{"line":357,"column":19},"end":{"line":357,"column":null}}],"line":357},"55":{"loc":{"start":{"line":359,"column":22},"end":{"line":359,"column":null}},"type":"binary-expr","locations":[{"start":{"line":359,"column":22},"end":{"line":359,"column":58}},{"start":{"line":359,"column":58},"end":{"line":359,"column":null}}],"line":359},"56":{"loc":{"start":{"line":360,"column":22},"end":{"line":360,"column":null}},"type":"binary-expr","locations":[{"start":{"line":360,"column":22},"end":{"line":360,"column":59}},{"start":{"line":360,"column":59},"end":{"line":360,"column":null}}],"line":360},"57":{"loc":{"start":{"line":361,"column":22},"end":{"line":361,"column":null}},"type":"binary-expr","locations":[{"start":{"line":361,"column":22},"end":{"line":361,"column":59}},{"start":{"line":361,"column":59},"end":{"line":361,"column":null}}],"line":361},"58":{"loc":{"start":{"line":373,"column":2},"end":{"line":375,"column":null}},"type":"if","locations":[{"start":{"line":373,"column":2},"end":{"line":375,"column":null}},{"start":{},"end":{}}],"line":373},"59":{"loc":{"start":{"line":376,"column":2},"end":{"line":378,"column":null}},"type":"if","locations":[{"start":{"line":376,"column":2},"end":{"line":378,"column":null}},{"start":{},"end":{}}],"line":376},"60":{"loc":{"start":{"line":380,"column":2},"end":{"line":383,"column":null}},"type":"if","locations":[{"start":{"line":380,"column":2},"end":{"line":383,"column":null}},{"start":{},"end":{}}],"line":380},"61":{"loc":{"start":{"line":380,"column":6},"end":{"line":381,"column":57}},"type":"binary-expr","locations":[{"start":{"line":380,"column":6},"end":{"line":380,"column":41}},{"start":{"line":380,"column":41},"end":{"line":380,"column":null}},{"start":{"line":381,"column":9},"end":{"line":381,"column":57}}],"line":380},"62":{"loc":{"start":{"line":384,"column":2},"end":{"line":387,"column":null}},"type":"if","locations":[{"start":{"line":384,"column":2},"end":{"line":387,"column":null}},{"start":{},"end":{}}],"line":384},"63":{"loc":{"start":{"line":384,"column":6},"end":{"line":385,"column":57}},"type":"binary-expr","locations":[{"start":{"line":384,"column":6},"end":{"line":384,"column":39}},{"start":{"line":384,"column":39},"end":{"line":384,"column":null}},{"start":{"line":385,"column":9},"end":{"line":385,"column":57}}],"line":384},"64":{"loc":{"start":{"line":390,"column":57},"end":{"line":390,"column":78}},"type":"binary-expr","locations":[{"start":{"line":390,"column":57},"end":{"line":390,"column":74}},{"start":{"line":390,"column":74},"end":{"line":390,"column":78}}],"line":390},"65":{"loc":{"start":{"line":393,"column":4},"end":{"line":396,"column":null}},"type":"if","locations":[{"start":{"line":393,"column":4},"end":{"line":396,"column":null}},{"start":{},"end":{}}],"line":393},"66":{"loc":{"start":{"line":395,"column":20},"end":{"line":395,"column":null}},"type":"binary-expr","locations":[{"start":{"line":395,"column":20},"end":{"line":395,"column":47}},{"start":{"line":395,"column":47},"end":{"line":395,"column":null}}],"line":395},"67":{"loc":{"start":{"line":399,"column":81},"end":{"line":399,"column":100}},"type":"binary-expr","locations":[{"start":{"line":399,"column":81},"end":{"line":399,"column":97}},{"start":{"line":399,"column":97},"end":{"line":399,"column":100}}],"line":399},"68":{"loc":{"start":{"line":500,"column":2},"end":{"line":500,"column":null}},"type":"if","locations":[{"start":{"line":500,"column":2},"end":{"line":500,"column":null}},{"start":{},"end":{}}],"line":500},"69":{"loc":{"start":{"line":515,"column":2},"end":{"line":515,"column":null}},"type":"if","locations":[{"start":{"line":515,"column":2},"end":{"line":515,"column":null}},{"start":{},"end":{}}],"line":515},"70":{"loc":{"start":{"line":519,"column":2},"end":{"line":519,"column":null}},"type":"if","locations":[{"start":{"line":519,"column":2},"end":{"line":519,"column":null}},{"start":{},"end":{}}],"line":519},"71":{"loc":{"start":{"line":532,"column":16},"end":{"line":532,"column":null}},"type":"binary-expr","locations":[{"start":{"line":532,"column":16},"end":{"line":532,"column":42}},{"start":{"line":532,"column":42},"end":{"line":532,"column":null}}],"line":532},"72":{"loc":{"start":{"line":536,"column":25},"end":{"line":538,"column":null}},"type":"cond-expr","locations":[{"start":{"line":537,"column":6},"end":{"line":537,"column":null}},{"start":{"line":538,"column":6},"end":{"line":538,"column":null}}],"line":536},"73":{"loc":{"start":{"line":551,"column":35},"end":{"line":551,"column":151}},"type":"cond-expr","locations":[{"start":{"line":551,"column":78},"end":{"line":551,"column":119}},{"start":{"line":551,"column":119},"end":{"line":551,"column":151}}],"line":551},"74":{"loc":{"start":{"line":557,"column":2},"end":{"line":559,"column":null}},"type":"if","locations":[{"start":{"line":557,"column":2},"end":{"line":559,"column":null}},{"start":{},"end":{}}],"line":557},"75":{"loc":{"start":{"line":560,"column":2},"end":{"line":562,"column":null}},"type":"if","locations":[{"start":{"line":560,"column":2},"end":{"line":562,"column":null}},{"start":{},"end":{}}],"line":560},"76":{"loc":{"start":{"line":563,"column":2},"end":{"line":565,"column":null}},"type":"if","locations":[{"start":{"line":563,"column":2},"end":{"line":565,"column":null}},{"start":{},"end":{}}],"line":563},"77":{"loc":{"start":{"line":566,"column":2},"end":{"line":568,"column":null}},"type":"if","locations":[{"start":{"line":566,"column":2},"end":{"line":568,"column":null}},{"start":{},"end":{}}],"line":566},"78":{"loc":{"start":{"line":572,"column":2},"end":{"line":574,"column":null}},"type":"if","locations":[{"start":{"line":572,"column":2},"end":{"line":574,"column":null}},{"start":{},"end":{}}],"line":572},"79":{"loc":{"start":{"line":572,"column":6},"end":{"line":572,"column":61}},"type":"binary-expr","locations":[{"start":{"line":572,"column":6},"end":{"line":572,"column":32}},{"start":{"line":572,"column":32},"end":{"line":572,"column":61}}],"line":572},"80":{"loc":{"start":{"line":575,"column":2},"end":{"line":577,"column":null}},"type":"if","locations":[{"start":{"line":575,"column":2},"end":{"line":577,"column":null}},{"start":{},"end":{}}],"line":575},"81":{"loc":{"start":{"line":578,"column":2},"end":{"line":580,"column":null}},"type":"if","locations":[{"start":{"line":578,"column":2},"end":{"line":580,"column":null}},{"start":{},"end":{}}],"line":578},"82":{"loc":{"start":{"line":581,"column":2},"end":{"line":583,"column":null}},"type":"if","locations":[{"start":{"line":581,"column":2},"end":{"line":583,"column":null}},{"start":{},"end":{}}],"line":581}},"s":{"0":1,"1":1,"2":294,"3":15,"4":279,"5":231,"6":48,"7":15,"8":33,"9":15,"10":18,"11":294,"12":288,"13":6,"14":0,"15":6,"16":294,"17":264,"18":30,"19":9,"20":21,"21":12,"22":9,"23":6,"24":3,"25":606,"26":294,"27":294,"28":18,"29":276,"30":276,"31":255,"32":255,"33":243,"34":1,"35":294,"36":294,"37":294,"38":294,"39":294,"40":294,"41":294,"42":294,"43":294,"44":588,"45":294,"46":294,"47":294,"48":294,"49":294,"50":294,"51":294,"52":294,"53":294,"54":294,"55":294,"56":2646,"57":563,"58":294,"59":294,"60":294,"61":294,"62":294,"63":294,"64":294,"65":294,"66":294,"67":294,"68":294,"69":294,"70":51,"71":51,"72":294,"73":294,"74":294,"75":294,"76":294,"77":294,"78":294,"79":267,"80":27,"81":294,"82":270,"83":294,"84":270,"85":270,"86":294,"87":63,"88":63,"89":63,"90":63,"91":63,"92":48,"93":294,"94":6,"95":6,"96":6,"97":294,"98":27,"99":27,"100":294,"101":196,"102":196,"103":196,"104":294,"105":2646,"106":563,"107":294,"108":51,"109":51,"110":51,"111":294,"112":83,"113":83,"114":294,"115":3,"116":294,"117":98,"118":98,"119":98,"120":98,"121":98,"122":98,"123":9,"124":98,"125":7,"126":98,"127":1,"128":98,"129":1,"130":98,"131":98,"132":98,"133":98,"134":882,"135":73,"136":73,"137":98,"138":1,"139":1,"140":1,"141":1,"142":81,"143":72,"144":9,"145":9,"146":22,"147":22,"148":22,"149":22,"150":22,"151":22,"152":22,"153":22,"154":22,"155":22,"156":1,"157":22,"158":22,"159":22,"160":22,"161":2,"162":22,"163":22,"164":22,"165":22,"166":27,"167":27,"168":27,"169":27,"170":27,"171":27,"172":27,"173":27,"174":27,"175":27,"176":27,"177":27,"178":27,"179":27,"180":27,"181":2,"182":27,"183":1,"184":27,"185":2,"186":27,"187":2,"188":27,"189":27,"190":1,"191":27,"192":1,"193":27,"194":1,"195":27,"196":2,"197":27},"f":{"0":294,"1":294,"2":294,"3":606,"4":294,"5":294,"6":294,"7":588,"8":98,"9":81,"10":22,"11":27},"b":{"0":[15,279],"1":[231,48],"2":[15,33],"3":[15,18],"4":[288,6],"5":[0,6],"6":[264,30],"7":[9,21],"8":[30,9],"9":[12,9],"10":[21,9],"11":[6,3],"12":[0,6],"13":[18,276],"14":[21,255],"15":[12,243],"16":[294,0],"17":[294,0],"18":[294,0],"19":[294,0],"20":[294,0],"21":[294,0],"22":[294,0],"23":[294,0],"24":[294,0],"25":[98,196],"26":[196,98],"27":[563,2083],"28":[563,0],"29":[294,294],"30":[294,0],"31":[51,243],"32":[243,51],"33":[267,27],"34":[270,24],"35":[270,24],"36":[15,255],"37":[63,231],"38":[48,15],"39":[48,15],"40":[48,15],"41":[6,288],"42":[27,267],"43":[0,27],"44":[196,98],"45":[563,2083],"46":[563,0],"47":[51,243],"48":[18,33],"49":[21,12],"50":[83,211],"51":[294,221],"52":[3,291],"53":[243,51],"54":[98,93],"55":[98,93],"56":[98,93],"57":[98,93],"58":[9,89],"59":[7,91],"60":[1,97],"61":[98,17,17],"62":[1,97],"63":[98,17,17],"64":[98,0],"65":[73,809],"66":[73,0],"67":[98,0],"68":[72,9],"69":[1,21],"70":[2,20],"71":[27,25],"72":[26,1],"73":[26,1],"74":[2,25],"75":[1,26],"76":[2,25],"77":[2,25],"78":[1,26],"79":[27,4],"80":[1,26],"81":[1,26],"82":[2,25]},"meta":{"lastBranch":83,"lastFunction":12,"lastStatement":198,"seen":{"s:82:30:92:Infinity":0,"s:94:61:98:Infinity":1,"f:102:9:102:32":0,"b:103:2:103:Infinity:undefined:undefined:undefined:undefined":0,"s:103:2:103:Infinity":2,"s:103:18:103:Infinity":3,"b:104:2:104:Infinity:undefined:undefined:undefined:undefined":1,"s:104:2:104:Infinity":4,"s:104:18:104:Infinity":5,"b:105:2:105:Infinity:undefined:undefined:undefined:undefined":2,"s:105:2:105:Infinity":6,"s:105:18:105:Infinity":7,"b:106:2:106:Infinity:undefined:undefined:undefined:undefined":3,"s:106:2:106:Infinity":8,"s:106:18:106:Infinity":9,"s:107:2:107:Infinity":10,"f:110:9:110:29":1,"b:111:2:111:Infinity:undefined:undefined:undefined:undefined":4,"s:111:2:111:Infinity":11,"s:111:18:111:Infinity":12,"b:112:2:112:Infinity:undefined:undefined:undefined:undefined":5,"s:112:2:112:Infinity":13,"s:112:18:112:Infinity":14,"s:113:2:113:Infinity":15,"f:116:9:116:21":2,"b:117:2:117:Infinity:undefined:undefined:undefined:undefined":6,"s:117:2:117:Infinity":16,"s:117:26:117:Infinity":17,"b:118:2:118:Infinity:undefined:undefined:undefined:undefined":7,"s:118:2:118:Infinity":18,"b:118:6:118:27:118:27:118:38":8,"s:118:38:118:Infinity":19,"b:119:2:119:Infinity:undefined:undefined:undefined:undefined":9,"s:119:2:119:Infinity":20,"b:119:6:119:27:119:27:119:37":10,"s:119:37:119:Infinity":21,"b:120:2:120:Infinity:undefined:undefined:undefined:undefined":11,"s:120:2:120:Infinity":22,"s:120:30:120:Infinity":23,"b:120:48:120:54:120:54:120:Infinity":12,"s:121:2:121:Infinity":24,"f:124:9:124:25":3,"s:124:46:124:76":25,"f:125:9:125:20":4,"s:125:41:125:71":26,"f:127:9:127:25":5,"b:128:2:128:Infinity:undefined:undefined:undefined:undefined":13,"s:128:2:128:Infinity":27,"s:128:25:128:Infinity":28,"b:129:2:129:Infinity:undefined:undefined:undefined:undefined":14,"s:129:2:129:Infinity":29,"s:129:27:129:Infinity":30,"b:130:2:130:Infinity:undefined:undefined:undefined:undefined":15,"s:130:2:130:Infinity":31,"s:130:26:130:Infinity":32,"s:131:2:131:Infinity":33,"s:136:48:152:Infinity":34,"f:171:9:171:Infinity":6,"s:181:26:181:Infinity":35,"b:181:26:181:53:181:53:181:Infinity":16,"s:182:26:182:Infinity":36,"b:182:26:182:54:182:54:182:Infinity":17,"s:183:27:183:Infinity":37,"b:183:27:183:55:183:55:183:Infinity":18,"s:184:26:184:Infinity":38,"b:184:26:184:54:184:54:184:Infinity":19,"s:185:26:185:Infinity":39,"b:185:26:185:54:185:54:185:Infinity":20,"s:186:26:186:Infinity":40,"b:186:26:186:54:186:54:186:Infinity":21,"s:187:26:187:Infinity":41,"b:187:58:187:81:187:81:187:85":22,"s:188:26:188:Infinity":42,"b:188:26:188:56:188:56:188:Infinity":23,"s:190:13:191:Infinity":43,"b:190:13:190:Infinity:191:7:191:Infinity":24,"f:190:31:190:36":7,"s:190:36:190:51":44,"s:192:21:192:Infinity":45,"b:192:41:192:51:192:51:192:Infinity":25,"b:192:51:192:66:192:66:192:Infinity":26,"s:195:20:195:Infinity":46,"s:196:19:196:Infinity":47,"s:197:19:198:Infinity":48,"s:200:21:200:Infinity":49,"s:201:21:201:Infinity":50,"s:202:21:202:Infinity":51,"s:203:23:203:Infinity":52,"s:206:8:206:Infinity":53,"s:209:23:209:Infinity":54,"s:210:2:214:Infinity":55,"b:211:4:213:Infinity:undefined:undefined:undefined:undefined":27,"s:211:4:213:Infinity":56,"s:212:6:212:Infinity":57,"b:212:24:212:48:212:48:212:Infinity":28,"s:216:23:216:Infinity":58,"b:216:23:216:50:216:50:216:Infinity":29,"s:217:23:217:Infinity":59,"b:217:37:217:81:217:81:217:Infinity":30,"s:218:23:218:Infinity":60,"s:221:19:221:Infinity":61,"s:224:28:224:Infinity":62,"s:225:29:225:Infinity":63,"s:226:28:226:Infinity":64,"s:229:29:229:Infinity":65,"s:230:29:230:Infinity":66,"s:231:30:231:Infinity":67,"s:232:30:232:Infinity":68,"b:233:2:236:Infinity:undefined:undefined:undefined:undefined":31,"s:233:2:236:Infinity":69,"s:234:4:234:Infinity":70,"s:235:4:235:Infinity":71,"s:237:25:237:Infinity":72,"s:239:21:239:Infinity":73,"b:239:33:239:51:239:51:239:Infinity":32,"s:241:21:241:Infinity":74,"s:244:36:244:Infinity":75,"s:245:38:245:Infinity":76,"s:246:36:246:Infinity":77,"b:249:2:257:Infinity:255:9:257:Infinity":33,"s:249:2:257:Infinity":78,"s:250:4:254:Infinity":79,"s:256:4:256:Infinity":80,"b:260:2:266:Infinity:undefined:undefined:undefined:undefined":34,"s:260:2:266:Infinity":81,"s:261:4:265:Infinity":82,"b:269:2:274:Infinity:undefined:undefined:undefined:undefined":35,"s:269:2:274:Infinity":83,"s:270:22:272:Infinity":84,"b:271:8:271:Infinity:272:8:272:Infinity":36,"s:273:4:273:Infinity":85,"b:277:2:287:Infinity:undefined:undefined:undefined:undefined":37,"s:277:2:287:Infinity":86,"s:278:10:278:Infinity":87,"s:279:23:279:Infinity":88,"s:280:23:282:Infinity":89,"b:281:8:281:Infinity:282:8:282:Infinity":38,"s:283:4:283:Infinity":90,"b:283:80:283:94:283:94:283:105":39,"b:284:4:286:Infinity:undefined:undefined:undefined:undefined":40,"s:284:4:286:Infinity":91,"s:285:6:285:Infinity":92,"b:290:2:294:Infinity:undefined:undefined:undefined:undefined":41,"s:290:2:294:Infinity":93,"s:291:10:291:Infinity":94,"s:292:26:292:Infinity":95,"s:293:4:293:Infinity":96,"b:297:2:304:Infinity:undefined:undefined:undefined:undefined":42,"s:297:2:304:Infinity":97,"s:298:4:302:Infinity":98,"b:299:74:299:89:299:89:299:91":43,"s:303:4:303:Infinity":99,"b:307:2:311:Infinity:undefined:undefined:undefined:undefined":44,"s:307:2:311:Infinity":100,"s:308:21:308:Infinity":101,"s:309:22:309:Infinity":102,"s:310:4:310:Infinity":103,"s:314:2:318:Infinity":104,"b:315:4:317:Infinity:undefined:undefined:undefined:undefined":45,"s:315:4:317:Infinity":105,"s:316:6:316:Infinity":106,"b:316:49:316:73:316:73:316:76":46,"b:321:2:327:Infinity:undefined:undefined:undefined:undefined":47,"s:321:2:327:Infinity":107,"s:322:22:324:Infinity":108,"b:322:49:322:Infinity:323:8:324:Infinity":48,"b:323:35:323:Infinity:324:35:324:Infinity":49,"s:325:4:325:Infinity":109,"s:326:4:326:Infinity":110,"b:330:2:333:Infinity:undefined:undefined:undefined:undefined":50,"s:330:2:333:Infinity":111,"b:330:6:330:28:330:28:330:47":51,"s:331:4:331:Infinity":112,"s:332:4:332:Infinity":113,"b:336:2:338:Infinity:undefined:undefined:undefined:undefined":52,"s:336:2:338:Infinity":114,"s:337:4:337:Infinity":115,"s:340:2:345:Infinity":116,"b:342:33:342:40:342:40:342:Infinity":53,"f:348:16:348:Infinity":8,"s:355:29:362:Infinity":117,"b:357:8:357:19:357:19:357:Infinity":54,"b:359:22:359:58:359:58:359:Infinity":55,"b:360:22:360:59:360:59:360:Infinity":56,"b:361:22:361:59:361:59:361:Infinity":57,"s:364:15:364:Infinity":118,"s:365:15:365:Infinity":119,"s:366:15:369:Infinity":120,"s:372:21:372:Infinity":121,"b:373:2:375:Infinity:undefined:undefined:undefined:undefined":58,"s:373:2:375:Infinity":122,"s:374:4:374:Infinity":123,"b:376:2:378:Infinity:undefined:undefined:undefined:undefined":59,"s:376:2:378:Infinity":124,"s:377:4:377:Infinity":125,"b:380:2:383:Infinity:undefined:undefined:undefined:undefined":60,"s:380:2:383:Infinity":126,"b:380:6:380:41:380:41:380:Infinity:381:9:381:57":61,"s:382:4:382:Infinity":127,"b:384:2:387:Infinity:undefined:undefined:undefined:undefined":62,"s:384:2:387:Infinity":128,"b:384:6:384:39:384:39:384:Infinity:385:9:385:57":63,"s:386:4:386:Infinity":129,"s:390:25:390:Infinity":130,"b:390:57:390:74:390:74:390:78":64,"s:391:19:391:22":131,"s:391:39:391:Infinity":132,"s:392:2:397:Infinity":133,"b:393:4:396:Infinity:undefined:undefined:undefined:undefined":65,"s:393:4:396:Infinity":134,"s:394:6:394:Infinity":135,"s:395:6:395:Infinity":136,"b:395:20:395:47:395:47:395:Infinity":66,"s:399:2:399:Infinity":137,"b:399:81:399:97:399:97:399:100":67,"s:483:65:486:Infinity":138,"s:488:22:491:Infinity":139,"s:493:56:493:Infinity":140,"s:495:79:497:Infinity":141,"f:499:9:499:23":9,"b:500:2:500:Infinity:undefined:undefined:undefined:undefined":68,"s:500:2:500:Infinity":142,"s:500:23:500:Infinity":143,"s:501:14:501:Infinity":144,"s:502:2:502:Infinity":145,"f:505:16:505:47":10,"s:506:14:506:Infinity":146,"s:507:2:507:Infinity":147,"s:508:2:508:Infinity":148,"s:509:2:509:Infinity":149,"s:510:2:510:Infinity":150,"s:511:2:511:Infinity":151,"s:512:2:512:Infinity":152,"s:513:2:513:Infinity":153,"s:514:2:514:Infinity":154,"b:515:2:515:Infinity:undefined:undefined:undefined:undefined":69,"s:515:2:515:Infinity":155,"s:515:24:515:Infinity":156,"s:516:17:516:Infinity":157,"s:517:15:517:Infinity":158,"s:518:2:518:Infinity":159,"b:519:2:519:Infinity:undefined:undefined:undefined:undefined":70,"s:519:2:519:Infinity":160,"s:519:20:519:Infinity":161,"s:520:21:520:Infinity":162,"s:521:19:521:Infinity":163,"s:522:30:522:Infinity":164,"s:523:2:523:Infinity":165,"f:526:16:526:Infinity":11,"s:532:16:532:Infinity":166,"b:532:16:532:42:532:42:532:Infinity":71,"s:533:20:533:Infinity":167,"s:534:25:534:Infinity":168,"s:535:19:535:Infinity":169,"s:536:25:538:Infinity":170,"b:537:6:537:Infinity:538:6:538:Infinity":72,"s:539:28:539:Infinity":171,"s:540:27:540:Infinity":172,"s:541:22:541:Infinity":173,"s:542:19:542:Infinity":174,"s:543:25:543:Infinity":175,"s:544:18:544:Infinity":176,"s:545:17:545:Infinity":177,"s:548:42:553:Infinity":178,"b:551:78:551:119:551:119:551:151":73,"s:556:48:556:Infinity":179,"b:557:2:559:Infinity:undefined:undefined:undefined:undefined":74,"s:557:2:559:Infinity":180,"s:558:4:558:Infinity":181,"b:560:2:562:Infinity:undefined:undefined:undefined:undefined":75,"s:560:2:562:Infinity":182,"s:561:4:561:Infinity":183,"b:563:2:565:Infinity:undefined:undefined:undefined:undefined":76,"s:563:2:565:Infinity":184,"s:564:4:564:Infinity":185,"b:566:2:568:Infinity:undefined:undefined:undefined:undefined":77,"s:566:2:568:Infinity":186,"s:567:4:567:Infinity":187,"s:571:40:571:Infinity":188,"b:572:2:574:Infinity:undefined:undefined:undefined:undefined":78,"s:572:2:574:Infinity":189,"b:572:6:572:32:572:32:572:61":79,"s:573:4:573:Infinity":190,"b:575:2:577:Infinity:undefined:undefined:undefined:undefined":80,"s:575:2:577:Infinity":191,"s:576:4:576:Infinity":192,"b:578:2:580:Infinity:undefined:undefined:undefined:undefined":81,"s:578:2:580:Infinity":193,"s:579:4:579:Infinity":194,"b:581:2:583:Infinity:undefined:undefined:undefined:undefined":82,"s:581:2:583:Infinity":195,"s:582:4:582:Infinity":196,"s:585:2:585:Infinity":197}}}
}
